  [1m[35m (1.6ms)[0m  [1m[34mSELECT sqlite_version(*)[0m
  [1m[35m (0.0ms)[0m  [1m[34mSELECT sqlite_version(*)[0m
  [1m[35m (0.6ms)[0m  [1m[34mSELECT sqlite_version(*)[0m
  [1m[35m (1.5ms)[0m  [1m[35mCREATE TABLE "schema_migrations" ("version" varchar NOT NULL PRIMARY KEY)[0m
  [1m[35m (0.3ms)[0m  [1m[35mCREATE TABLE "ar_internal_metadata" ("key" varchar NOT NULL PRIMARY KEY, "value" varchar, "created_at" datetime(6) NOT NULL, "updated_at" datetime(6) NOT NULL)[0m
  [1m[35m (0.1ms)[0m  [1m[34mSELECT "schema_migrations"."version" FROM "schema_migrations" ORDER BY "schema_migrations"."version" ASC[0m
Migrating to CreateTweets (20210617035720)
  [1m[36mTRANSACTION (0.0ms)[0m  [1m[36mbegin transaction[0m
  [1m[35m (0.2ms)[0m  [1m[35mCREATE TABLE "tweets" ("id" integer PRIMARY KEY AUTOINCREMENT NOT NULL, "title" varchar, "content" text, "author" varchar, "created_at" datetime(6) NOT NULL, "updated_at" datetime(6) NOT NULL)[0m
  [1m[36mActiveRecord::SchemaMigration Create (0.2ms)[0m  [1m[32mINSERT INTO "schema_migrations" ("version") VALUES (?)[0m  [["version", "20210617035720"]]
  [1m[36mTRANSACTION (0.3ms)[0m  [1m[36mcommit transaction[0m
  [1m[36mActiveRecord::InternalMetadata Load (1.0ms)[0m  [1m[34mSELECT "ar_internal_metadata".* FROM "ar_internal_metadata" WHERE "ar_internal_metadata"."key" = ? LIMIT ?[0m  [["key", "environment"], ["LIMIT", 1]]
  [1m[36mTRANSACTION (0.0ms)[0m  [1m[36mbegin transaction[0m
  [1m[36mActiveRecord::InternalMetadata Create (0.2ms)[0m  [1m[32mINSERT INTO "ar_internal_metadata" ("key", "value", "created_at", "updated_at") VALUES (?, ?, ?, ?)[0m  [["key", "environment"], ["value", "development"], ["created_at", "2021-06-17 04:06:21.292800"], ["updated_at", "2021-06-17 04:06:21.292800"]]
  [1m[36mTRANSACTION (0.3ms)[0m  [1m[36mcommit transaction[0m
  [1m[35m (0.0ms)[0m  [1m[34mSELECT sqlite_version(*)[0m
  [1m[35m (0.0ms)[0m  [1m[34mSELECT "schema_migrations"."version" FROM "schema_migrations" ORDER BY "schema_migrations"."version" ASC[0m
  [1m[35m (0.8ms)[0m  [1m[34mSELECT sqlite_version(*)[0m
  [1m[35m (0.1ms)[0m  [1m[34mSELECT "schema_migrations"."version" FROM "schema_migrations" ORDER BY "schema_migrations"."version" ASC[0m
  [1m[35m (0.4ms)[0m  [1m[34mSELECT sqlite_version(*)[0m
  [1m[35m (0.1ms)[0m  [1m[34mSELECT "schema_migrations"."version" FROM "schema_migrations" ORDER BY "schema_migrations"."version" ASC[0m
  [1m[35m (0.4ms)[0m  [1m[34mSELECT sqlite_version(*)[0m
  [1m[35m (0.1ms)[0m  [1m[34mSELECT "schema_migrations"."version" FROM "schema_migrations" ORDER BY "schema_migrations"."version" ASC[0m
  [1m[35m (0.0ms)[0m  [1m[34mSELECT sqlite_version(*)[0m
  [1m[36mTRANSACTION (0.0ms)[0m  [1m[36mbegin transaction[0m
  [1m[36mTweet Create (7.2ms)[0m  [1m[32mINSERT INTO "tweets" ("title", "content", "author", "created_at", "updated_at") VALUES (?, ?, ?, ?, ?)[0m  [["title", "[\"Tousled actually ennui quinoa austin craft beer direct trade lumbersexual.\", \"Swag polaroid drinking sriracha bicycle rights.\", \"Kitsch phlogiston jean shorts diy banh mi food truck brooklyn.\"]"], ["content", "Dignissimos assumenda quam. Rem odio aut. Hic nisi explicabo."], ["author", "Wyoming horses"], ["created_at", "2021-06-17 04:55:12.120041"], ["updated_at", "2021-06-17 04:55:12.120041"]]
  [1m[36mTRANSACTION (0.5ms)[0m  [1m[36mcommit transaction[0m
  [1m[36mTRANSACTION (0.0ms)[0m  [1m[36mbegin transaction[0m
  [1m[36mTweet Create (0.2ms)[0m  [1m[32mINSERT INTO "tweets" ("title", "content", "author", "created_at", "updated_at") VALUES (?, ?, ?, ?, ?)[0m  [["title", "[\"Cleanse bitters intelligentsia carry helvetica.\", \"Tumblr tacos neutra pickled before they sold out farm-to-table.\", \"Irony kitsch 3 wolf moon etsy.\"]"], ["content", "Odio voluptas ea. Recusandae qui et. Pariatur fugit rerum."], ["author", "Texas banshees"], ["created_at", "2021-06-17 04:55:12.138823"], ["updated_at", "2021-06-17 04:55:12.138823"]]
  [1m[36mTRANSACTION (0.3ms)[0m  [1m[36mcommit transaction[0m
  [1m[36mTRANSACTION (0.0ms)[0m  [1m[36mbegin transaction[0m
  [1m[36mTweet Create (0.2ms)[0m  [1m[32mINSERT INTO "tweets" ("title", "content", "author", "created_at", "updated_at") VALUES (?, ?, ?, ?, ?)[0m  [["title", "[\"Readymade goth lumbersexual brooklyn narwhal cronut heirloom you probably haven't heard of them.\", \"Yolo typewriter readymade crucifix phlogiston tote bag bitters kogi.\", \"Echo waistcoat chia neutra disrupt meh.\"]"], ["content", "Quo quia natus. Praesentium ratione corrupti. Omnis id odit."], ["author", "Pennsylvania spiders"], ["created_at", "2021-06-17 04:55:12.142061"], ["updated_at", "2021-06-17 04:55:12.142061"]]
  [1m[36mTRANSACTION (0.3ms)[0m  [1m[36mcommit transaction[0m
  [1m[36mTRANSACTION (0.0ms)[0m  [1m[36mbegin transaction[0m
  [1m[36mTweet Create (0.2ms)[0m  [1m[32mINSERT INTO "tweets" ("title", "content", "author", "created_at", "updated_at") VALUES (?, ?, ?, ?, ?)[0m  [["title", "[\"Chartreuse godard pug pickled sriracha kitsch.\", \"Before they sold out authentic portland twee fashion axe.\", \"Hashtag deep v muggle magic sriracha leggings occupy freegan.\"]"], ["content", "Eligendi quia nam. Consequatur quia ut. Quae libero similique."], ["author", "Alabama kangaroos"], ["created_at", "2021-06-17 04:55:12.145396"], ["updated_at", "2021-06-17 04:55:12.145396"]]
  [1m[36mTRANSACTION (0.3ms)[0m  [1m[36mcommit transaction[0m
  [1m[36mTRANSACTION (0.0ms)[0m  [1m[36mbegin transaction[0m
  [1m[36mTweet Create (0.2ms)[0m  [1m[32mINSERT INTO "tweets" ("title", "content", "author", "created_at", "updated_at") VALUES (?, ?, ?, ?, ?)[0m  [["title", "[\"Roof raw denim mumblecore asymmetrical occupy.\", \"Synth umami distillery.\", \"Heirloom tattooed hoodie messenger bag stumptown +1 scenester try-hard.\"]"], ["content", "Sunt qui in. Nam optio corporis. Esse quia suscipit."], ["author", "Georgia ogres"], ["created_at", "2021-06-17 04:55:12.148460"], ["updated_at", "2021-06-17 04:55:12.148460"]]
  [1m[36mTRANSACTION (0.2ms)[0m  [1m[36mcommit transaction[0m
  [1m[36mTRANSACTION (0.0ms)[0m  [1m[36mbegin transaction[0m
  [1m[36mTweet Create (0.2ms)[0m  [1m[32mINSERT INTO "tweets" ("title", "content", "author", "created_at", "updated_at") VALUES (?, ?, ?, ?, ?)[0m  [["title", "[\"Distillery pour-over cred banjo.\", \"Swag muggle magic authentic.\", \"Raw denim bicycle rights butcher lumbersexual keytar master.\"]"], ["content", "Sed velit reiciendis. Rem nisi maxime. Quos distinctio natus."], ["author", "New York whales"], ["created_at", "2021-06-17 04:55:12.151277"], ["updated_at", "2021-06-17 04:55:12.151277"]]
  [1m[36mTRANSACTION (0.2ms)[0m  [1m[36mcommit transaction[0m
  [1m[36mTRANSACTION (0.0ms)[0m  [1m[36mbegin transaction[0m
  [1m[36mTweet Create (0.1ms)[0m  [1m[32mINSERT INTO "tweets" ("title", "content", "author", "created_at", "updated_at") VALUES (?, ?, ?, ?, ?)[0m  [["title", "[\"Photo booth bespoke green juice direct trade echo readymade tacos.\", \"Chia chambray lumbersexual umami.\", \"90's ramps organic salvia.\"]"], ["content", "Porro non est. Est blanditiis sapiente. Harum est iure."], ["author", "Mississippi foxes"], ["created_at", "2021-06-17 04:55:12.154096"], ["updated_at", "2021-06-17 04:55:12.154096"]]
  [1m[36mTRANSACTION (0.2ms)[0m  [1m[36mcommit transaction[0m
  [1m[36mTRANSACTION (0.0ms)[0m  [1m[36mbegin transaction[0m
  [1m[36mTweet Create (0.2ms)[0m  [1m[32mINSERT INTO "tweets" ("title", "content", "author", "created_at", "updated_at") VALUES (?, ?, ?, ?, ?)[0m  [["title", "[\"Godard 90's yolo intelligentsia everyday poutine pinterest hashtag.\", \"Vinegar raw denim whatever five dollar toast iphone.\", \"Heirloom ramps tousled roof goth slow-carb.\"]"], ["content", "Occaecati est sapiente. Doloribus sit sint. Et neque molestiae."], ["author", "Wyoming sons"], ["created_at", "2021-06-17 04:55:12.156820"], ["updated_at", "2021-06-17 04:55:12.156820"]]
  [1m[36mTRANSACTION (0.3ms)[0m  [1m[36mcommit transaction[0m
  [1m[36mTRANSACTION (0.0ms)[0m  [1m[36mbegin transaction[0m
  [1m[36mTweet Create (0.2ms)[0m  [1m[32mINSERT INTO "tweets" ("title", "content", "author", "created_at", "updated_at") VALUES (?, ?, ?, ?, ?)[0m  [["title", "[\"Try-hard cliche letterpress keytar 3 wolf moon.\", \"Jean shorts readymade bicycle rights.\", \"Distillery pork belly +1 drinking mixtape yuccie stumptown celiac.\"]"], ["content", "Ut repudiandae quae. Quas incidunt aut. Rerum hic est."], ["author", "Oklahoma prophets"], ["created_at", "2021-06-17 04:55:12.159988"], ["updated_at", "2021-06-17 04:55:12.159988"]]
  [1m[36mTRANSACTION (0.3ms)[0m  [1m[36mcommit transaction[0m
  [1m[36mTRANSACTION (0.0ms)[0m  [1m[36mbegin transaction[0m
  [1m[36mTweet Create (0.2ms)[0m  [1m[32mINSERT INTO "tweets" ("title", "content", "author", "created_at", "updated_at") VALUES (?, ?, ?, ?, ?)[0m  [["title", "[\"Kale chips chillwave semiotics art party ennui.\", \"Vice wes anderson vegan keytar pbr&b plaid banjo.\", \"Loko before they sold out cold-pressed lumbersexual flexitarian deep v helvetica marfa.\"]"], ["content", "Atque reiciendis sit. Sit provident aut. Officiis ducimus quo."], ["author", "Mississippi spirits"], ["created_at", "2021-06-17 04:55:12.163217"], ["updated_at", "2021-06-17 04:55:12.163217"]]
  [1m[36mTRANSACTION (0.2ms)[0m  [1m[36mcommit transaction[0m
  [1m[36mTRANSACTION (0.0ms)[0m  [1m[36mbegin transaction[0m
  [1m[36mTweet Create (0.1ms)[0m  [1m[32mINSERT INTO "tweets" ("title", "content", "author", "created_at", "updated_at") VALUES (?, ?, ?, ?, ?)[0m  [["title", "[\"Bespoke before they sold out pug everyday.\", \"Direct trade five dollar toast semiotics twee yr.\", \"Craft beer fingerstache keffiyeh occupy chillwave flannel butcher.\"]"], ["content", "Nesciunt iste rerum. Laboriosam aut autem. Soluta neque nesciunt."], ["author", "Oregon nemesis"], ["created_at", "2021-06-17 04:55:12.166048"], ["updated_at", "2021-06-17 04:55:12.166048"]]
  [1m[36mTRANSACTION (0.3ms)[0m  [1m[36mcommit transaction[0m
  [1m[36mTRANSACTION (0.0ms)[0m  [1m[36mbegin transaction[0m
  [1m[36mTweet Create (0.2ms)[0m  [1m[32mINSERT INTO "tweets" ("title", "content", "author", "created_at", "updated_at") VALUES (?, ?, ?, ?, ?)[0m  [["title", "[\"Typewriter gastropub venmo migas meggings authentic.\", \"Dreamcatcher chicharrones green juice franzen.\", \"90's post-ironic marfa pinterest.\"]"], ["content", "Aliquam dicta illum. Eaque neque voluptatem. Corporis delectus soluta."], ["author", "North Carolina monkeys"], ["created_at", "2021-06-17 04:55:12.168879"], ["updated_at", "2021-06-17 04:55:12.168879"]]
  [1m[36mTRANSACTION (0.2ms)[0m  [1m[36mcommit transaction[0m
  [1m[36mTRANSACTION (0.0ms)[0m  [1m[36mbegin transaction[0m
  [1m[36mTweet Create (0.1ms)[0m  [1m[32mINSERT INTO "tweets" ("title", "content", "author", "created_at", "updated_at") VALUES (?, ?, ?, ?, ?)[0m  [["title", "[\"Goth fanny pack green juice truffaut 3 wolf moon lo-fi cred occupy.\", \"Xoxo tilde wes anderson yr brunch street lumbersexual.\", \"Asymmetrical ethical vinegar.\"]"], ["content", "Dicta beatae nihil. Inventore dignissimos fugiat. Est rerum sed."], ["author", "North Carolina ducks"], ["created_at", "2021-06-17 04:55:12.171811"], ["updated_at", "2021-06-17 04:55:12.171811"]]
  [1m[36mTRANSACTION (0.3ms)[0m  [1m[36mcommit transaction[0m
  [1m[36mTRANSACTION (0.0ms)[0m  [1m[36mbegin transaction[0m
  [1m[36mTweet Create (0.2ms)[0m  [1m[32mINSERT INTO "tweets" ("title", "content", "author", "created_at", "updated_at") VALUES (?, ?, ?, ?, ?)[0m  [["title", "[\"Direct trade pug helvetica gentrify letterpress.\", \"Fanny pack kickstarter cleanse.\", \"Seitan cornhole vinyl brunch before they sold out chartreuse.\"]"], ["content", "Dolor dignissimos quam. Quo voluptatem quidem. Molestias totam ratione."], ["author", "Alaska conspirators"], ["created_at", "2021-06-17 04:55:12.174655"], ["updated_at", "2021-06-17 04:55:12.174655"]]
  [1m[36mTRANSACTION (0.9ms)[0m  [1m[36mcommit transaction[0m
  [1m[36mTRANSACTION (0.0ms)[0m  [1m[36mbegin transaction[0m
  [1m[36mTweet Create (0.2ms)[0m  [1m[32mINSERT INTO "tweets" ("title", "content", "author", "created_at", "updated_at") VALUES (?, ?, ?, ?, ?)[0m  [["title", "[\"Aesthetic shoreditch hashtag lomo.\", \"Literally church-key pour-over kickstarter synth thundercats disrupt.\", \"Farm-to-table hella kombucha.\"]"], ["content", "Quasi cum cumque. Cum qui quia. Corrupti doloremque dolorem."], ["author", "Rhode Island druids"], ["created_at", "2021-06-17 04:55:12.179567"], ["updated_at", "2021-06-17 04:55:12.179567"]]
  [1m[36mTRANSACTION (0.2ms)[0m  [1m[36mcommit transaction[0m
  [1m[35m (0.4ms)[0m  [1m[34mSELECT sqlite_version(*)[0m
  [1m[35m (0.1ms)[0m  [1m[34mSELECT "schema_migrations"."version" FROM "schema_migrations" ORDER BY "schema_migrations"."version" ASC[0m
  [1m[35m (0.0ms)[0m  [1m[34mSELECT sqlite_version(*)[0m
  [1m[36mTRANSACTION (0.0ms)[0m  [1m[36mbegin transaction[0m
  [1m[36mTweet Create (0.7ms)[0m  [1m[32mINSERT INTO "tweets" ("title", "content", "author", "created_at", "updated_at") VALUES (?, ?, ?, ?, ?)[0m  [["title", "[\"Art party brunch muggle magic kombucha.\", \"Chillwave waistcoat pickled.\", \"Fanny pack echo semiotics freegan.\"]"], ["content", "Quasi ullam explicabo. Numquam totam aliquam. Perspiciatis non ut."], ["author", "Virginia zombies"], ["created_at", "2021-06-17 04:56:16.593963"], ["updated_at", "2021-06-17 04:56:16.593963"]]
  [1m[36mTRANSACTION (0.2ms)[0m  [1m[36mcommit transaction[0m
  [1m[36mTRANSACTION (0.0ms)[0m  [1m[36mbegin transaction[0m
  [1m[36mTweet Create (0.2ms)[0m  [1m[32mINSERT INTO "tweets" ("title", "content", "author", "created_at", "updated_at") VALUES (?, ?, ?, ?, ?)[0m  [["title", "[\"Vinyl mixtape try-hard.\", \"Biodiesel plaid marfa distillery twee fixie church-key.\", \"Cliche helvetica direct trade everyday thundercats cred salvia.\"]"], ["content", "Dolores nostrum dicta. Tempora eum quasi. Autem unde in."], ["author", "Wyoming rabbits"], ["created_at", "2021-06-17 04:56:16.598036"], ["updated_at", "2021-06-17 04:56:16.598036"]]
  [1m[36mTRANSACTION (0.4ms)[0m  [1m[36mcommit transaction[0m
  [1m[36mTRANSACTION (0.0ms)[0m  [1m[36mbegin transaction[0m
  [1m[36mTweet Create (0.3ms)[0m  [1m[32mINSERT INTO "tweets" ("title", "content", "author", "created_at", "updated_at") VALUES (?, ?, ?, ?, ?)[0m  [["title", "[\"Vegan before they sold out gentrify.\", \"Selfies sriracha vinegar street.\", \"Mixtape typewriter thundercats.\"]"], ["content", "Odit quia voluptate. Porro maxime saepe. Natus et iusto."], ["author", "Arkansas druids"], ["created_at", "2021-06-17 04:56:16.603242"], ["updated_at", "2021-06-17 04:56:16.603242"]]
  [1m[36mTRANSACTION (0.6ms)[0m  [1m[36mcommit transaction[0m
  [1m[36mTRANSACTION (0.1ms)[0m  [1m[36mbegin transaction[0m
  [1m[36mTweet Create (1.1ms)[0m  [1m[32mINSERT INTO "tweets" ("title", "content", "author", "created_at", "updated_at") VALUES (?, ?, ?, ?, ?)[0m  [["title", "[\"Fixie chartreuse forage keffiyeh flexitarian cred biodiesel yolo.\", \"Humblebrag lo-fi messenger bag fanny pack craft beer ennui cold-pressed food truck.\", \"Chicharrones sustainable vice.\"]"], ["content", "Quos qui aliquid. Nobis neque eos. Doloremque iure exercitationem."], ["author", "Pennsylvania crows"], ["created_at", "2021-06-17 04:56:16.625482"], ["updated_at", "2021-06-17 04:56:16.625482"]]
  [1m[36mTRANSACTION (0.5ms)[0m  [1m[36mcommit transaction[0m
  [1m[36mTRANSACTION (0.1ms)[0m  [1m[36mbegin transaction[0m
  [1m[36mTweet Create (0.7ms)[0m  [1m[32mINSERT INTO "tweets" ("title", "content", "author", "created_at", "updated_at") VALUES (?, ?, ?, ?, ?)[0m  [["title", "[\"Xoxo lumbersexual blog.\", \"Lumbersexual kinfolk flexitarian.\", \"Mustache everyday migas retro swag asymmetrical humblebrag.\"]"], ["content", "Totam assumenda et. Esse quis et. Officiis commodi laboriosam."], ["author", "Arkansas dolphins"], ["created_at", "2021-06-17 04:56:16.633805"], ["updated_at", "2021-06-17 04:56:16.633805"]]
  [1m[36mTRANSACTION (0.5ms)[0m  [1m[36mcommit transaction[0m
  [1m[36mTRANSACTION (0.0ms)[0m  [1m[36mbegin transaction[0m
  [1m[36mTweet Create (0.2ms)[0m  [1m[32mINSERT INTO "tweets" ("title", "content", "author", "created_at", "updated_at") VALUES (?, ?, ?, ?, ?)[0m  [["title", "[\"Church-key scenester bushwick.\", \"Try-hard gastropub tattooed selvage pop-up.\", \"Fixie typewriter celiac diy.\"]"], ["content", "Quibusdam corrupti voluptatem. Provident voluptatum veniam. Officiis minus fugiat."], ["author", "Michigan cats"], ["created_at", "2021-06-17 04:56:16.638261"], ["updated_at", "2021-06-17 04:56:16.638261"]]
  [1m[36mTRANSACTION (0.3ms)[0m  [1m[36mcommit transaction[0m
  [1m[36mTRANSACTION (0.0ms)[0m  [1m[36mbegin transaction[0m
  [1m[36mTweet Create (0.2ms)[0m  [1m[32mINSERT INTO "tweets" ("title", "content", "author", "created_at", "updated_at") VALUES (?, ?, ?, ?, ?)[0m  [["title", "[\"Venmo lo-fi everyday hoodie roof next level.\", \"Wayfarers narwhal dreamcatcher.\", \"Sustainable offal neutra raw denim wayfarers.\"]"], ["content", "Tenetur sunt voluptatum. Laboriosam saepe aut. Accusamus ipsam et."], ["author", "New Hampshire bats"], ["created_at", "2021-06-17 04:56:16.641281"], ["updated_at", "2021-06-17 04:56:16.641281"]]
  [1m[36mTRANSACTION (0.2ms)[0m  [1m[36mcommit transaction[0m
  [1m[36mTRANSACTION (0.0ms)[0m  [1m[36mbegin transaction[0m
  [1m[36mTweet Create (0.2ms)[0m  [1m[32mINSERT INTO "tweets" ("title", "content", "author", "created_at", "updated_at") VALUES (?, ?, ?, ?, ?)[0m  [["title", "[\"Marfa celiac occupy cleanse 3 wolf moon sartorial.\", \"Pitchfork vinyl butcher irony gentrify hashtag pbr&b raw denim.\", \"Squid vhs literally wes anderson shabby chic.\"]"], ["content", "Quia vel sed. Aut explicabo eaque. Ut aut et."], ["author", "Texas elephants"], ["created_at", "2021-06-17 04:56:16.644193"], ["updated_at", "2021-06-17 04:56:16.644193"]]
  [1m[36mTRANSACTION (0.3ms)[0m  [1m[36mcommit transaction[0m
  [1m[36mTRANSACTION (0.0ms)[0m  [1m[36mbegin transaction[0m
  [1m[36mTweet Create (0.3ms)[0m  [1m[32mINSERT INTO "tweets" ("title", "content", "author", "created_at", "updated_at") VALUES (?, ?, ?, ?, ?)[0m  [["title", "[\"Cleanse paleo cronut banh mi.\", \"Forage pork belly kombucha.\", \"Direct trade mustache etsy bitters ramps.\"]"], ["content", "Sequi in odio. Autem ut dolorum. Asperiores voluptas dolores."], ["author", "Iowa vixens"], ["created_at", "2021-06-17 04:56:16.647458"], ["updated_at", "2021-06-17 04:56:16.647458"]]
  [1m[36mTRANSACTION (0.7ms)[0m  [1m[36mcommit transaction[0m
  [1m[36mTRANSACTION (0.0ms)[0m  [1m[36mbegin transaction[0m
  [1m[36mTweet Create (0.2ms)[0m  [1m[32mINSERT INTO "tweets" ("title", "content", "author", "created_at", "updated_at") VALUES (?, ?, ?, ?, ?)[0m  [["title", "[\"Cliche health gentrify wolf gastropub vice.\", \"+1 diy loko marfa pabst gentrify.\", \"Tacos forage banh mi.\"]"], ["content", "Enim dicta debitis. Commodi necessitatibus omnis. Cumque nostrum perferendis."], ["author", "Minnesota bees"], ["created_at", "2021-06-17 04:56:16.652914"], ["updated_at", "2021-06-17 04:56:16.652914"]]
  [1m[36mTRANSACTION (0.3ms)[0m  [1m[36mcommit transaction[0m
  [1m[36mTRANSACTION (0.0ms)[0m  [1m[36mbegin transaction[0m
  [1m[36mTweet Create (0.2ms)[0m  [1m[32mINSERT INTO "tweets" ("title", "content", "author", "created_at", "updated_at") VALUES (?, ?, ?, ?, ?)[0m  [["title", "[\"Kickstarter 3 wolf moon ethical.\", \"Vice literally banh mi stumptown artisan ennui helvetica.\", \"Hoodie bespoke typewriter crucifix health yolo.\"]"], ["content", "Nulla eum eius. Quae omnis atque. Fuga et nisi."], ["author", "Alaska chickens"], ["created_at", "2021-06-17 04:56:16.656020"], ["updated_at", "2021-06-17 04:56:16.656020"]]
  [1m[36mTRANSACTION (0.3ms)[0m  [1m[36mcommit transaction[0m
  [1m[36mTRANSACTION (0.0ms)[0m  [1m[36mbegin transaction[0m
  [1m[36mTweet Create (0.2ms)[0m  [1m[32mINSERT INTO "tweets" ("title", "content", "author", "created_at", "updated_at") VALUES (?, ?, ?, ?, ?)[0m  [["title", "[\"Tacos chartreuse vice forage godard dreamcatcher try-hard semiotics.\", \"Intelligentsia tofu cliche.\", \"Church-key heirloom fashion axe keytar.\"]"], ["content", "At recusandae voluptate. Suscipit recusandae praesentium. Enim aut cupiditate."], ["author", "Indiana conspirators"], ["created_at", "2021-06-17 04:56:16.659103"], ["updated_at", "2021-06-17 04:56:16.659103"]]
  [1m[36mTRANSACTION (0.3ms)[0m  [1m[36mcommit transaction[0m
  [1m[36mTRANSACTION (0.0ms)[0m  [1m[36mbegin transaction[0m
  [1m[36mTweet Create (0.2ms)[0m  [1m[32mINSERT INTO "tweets" ("title", "content", "author", "created_at", "updated_at") VALUES (?, ?, ?, ?, ?)[0m  [["title", "[\"Biodiesel mumblecore single-origin coffee williamsburg meditation 8-bit narwhal poutine.\", \"Messenger bag pork belly twee chambray banh mi venmo cornhole actually.\", \"Bushwick salvia art party wes anderson single-origin coffee distillery twee.\"]"], ["content", "Fugiat debitis aut. Enim rem quia. Est officia ipsum."], ["author", "Kentucky dwarves"], ["created_at", "2021-06-17 04:56:16.662108"], ["updated_at", "2021-06-17 04:56:16.662108"]]
  [1m[36mTRANSACTION (0.3ms)[0m  [1m[36mcommit transaction[0m
  [1m[36mTRANSACTION (0.0ms)[0m  [1m[36mbegin transaction[0m
  [1m[36mTweet Create (0.3ms)[0m  [1m[32mINSERT INTO "tweets" ("title", "content", "author", "created_at", "updated_at") VALUES (?, ?, ?, ?, ?)[0m  [["title", "[\"Locavore neutra blue bottle.\", \"Scenester actually kickstarter cardigan humblebrag semiotics locavore.\", \"Ramps meggings sriracha chillwave pour-over.\"]"], ["content", "Optio quis in. Ab inventore ut. Quo repudiandae harum."], ["author", "Missouri pigs"], ["created_at", "2021-06-17 04:56:16.665103"], ["updated_at", "2021-06-17 04:56:16.665103"]]
  [1m[36mTRANSACTION (1.4ms)[0m  [1m[36mcommit transaction[0m
  [1m[36mTRANSACTION (0.1ms)[0m  [1m[36mbegin transaction[0m
  [1m[36mTweet Create (0.3ms)[0m  [1m[32mINSERT INTO "tweets" ("title", "content", "author", "created_at", "updated_at") VALUES (?, ?, ?, ?, ?)[0m  [["title", "[\"Banjo brooklyn ennui squid green juice bushwick chia actually.\", \"Selfies wolf bushwick yr pour-over plaid.\", \"Cleanse before they sold out brooklyn beard tattooed.\"]"], ["content", "Libero tempora adipisci. Molestiae optio dolor. Ea ut et."], ["author", "Iowa worshipers"], ["created_at", "2021-06-17 04:56:16.672186"], ["updated_at", "2021-06-17 04:56:16.672186"]]
  [1m[36mTRANSACTION (0.5ms)[0m  [1m[36mcommit transaction[0m
  [1m[35m (1.0ms)[0m  [1m[34mSELECT sqlite_version(*)[0m
  [1m[36mTweet Load (0.6ms)[0m  [1m[34mSELECT "tweets".* FROM "tweets" /* loading for inspect */ LIMIT ?[0m  [["LIMIT", 11]]
  [1m[36mTweet Load (1.0ms)[0m  [1m[34mSELECT "tweets".* FROM "tweets"[0m
  [1m[36mTweet Load (0.5ms)[0m  [1m[34mSELECT "tweets".* FROM "tweets" WHERE "tweets"."id" = ? LIMIT ?[0m  [["id", 10], ["LIMIT", 1]]
  [1m[36mTweet Load (1.5ms)[0m  [1m[34mSELECT "tweets".* FROM "tweets" WHERE "tweets"."id" = ? LIMIT ?[0m  [["id", 5], ["LIMIT", 1]]
